<?xml version="1.0" encoding="UTF-8"?>
<!-- Generated by org.testng.reporters.JUnitReportReporter -->
<testsuite hostname="DESKTOP-656VNCI" failures="0" tests="1" name="com.testCases.Login" time="8.985" errors="0" timestamp="06 Jun 2020 05:44:17 GMT" skipped="0">
  <testcase classname="com.testCases.Login" name="userLogin" time="8.985"/>
</testsuite> <!-- com.testCases.Login -->
