<?xml version="1.0" encoding="UTF-8"?>
<!-- Generated by org.testng.reporters.JUnitReportReporter -->
<testsuite hostname="DESKTOP-656VNCI" failures="0" tests="1" name="com.testCases.CheckOut" time="66.881" errors="0" timestamp="07 Jun 2020 08:46:33 GMT" skipped="0">
  <testcase classname="com.testCases.CheckOut" name="CheckOutOrder" time="66.881"/>
</testsuite> <!-- com.testCases.CheckOut -->
