<?xml version="1.0" encoding="UTF-8"?>
<!-- Generated by org.testng.reporters.JUnitReportReporter -->
<testsuite hostname="DESKTOP-656VNCI" failures="0" tests="1" name="com.testCases.RegistrationTest" time="14.401" errors="0" timestamp="07 Jun 2020 08:46:33 GMT" skipped="0">
  <testcase classname="com.testCases.RegistrationTest" name="registration" time="14.401"/>
</testsuite> <!-- com.testCases.RegistrationTest -->
